SF:C:\Users\rodrigo.diniz\source\repos\GlobalBlue\GlobalBlue.Api\Program.cs
FN:8,System.Void GlobalBlue.Api.Program::Main(System.String[])
FNDA:0,System.Void GlobalBlue.Api.Program::Main(System.String[])
DA:9,0
DA:10,0
DA:11,0
FN:13,Microsoft.Extensions.Hosting.IHostBuilder GlobalBlue.Api.Program::CreateHostBuilder(System.String[])
FNDA:0,Microsoft.Extensions.Hosting.IHostBuilder GlobalBlue.Api.Program::CreateHostBuilder(System.String[])
DA:14,0
DA:15,0
DA:16,0
DA:17,0
DA:18,0
LF:8
LH:0
BRF:0
BRH:0
FNF:2
FNH:0
end_of_record
SF:C:\Users\rodrigo.diniz\source\repos\GlobalBlue\GlobalBlue.Api\Startup.cs
FN:23,Microsoft.Extensions.Configuration.IConfiguration GlobalBlue.Api.Startup::get_Configuration()
FNDA:0,Microsoft.Extensions.Configuration.IConfiguration GlobalBlue.Api.Startup::get_Configuration()
DA:24,0
FN:27,System.Void GlobalBlue.Api.Startup::ConfigureServices(Microsoft.Extensions.DependencyInjection.IServiceCollection)
FNDA:0,System.Void GlobalBlue.Api.Startup::ConfigureServices(Microsoft.Extensions.DependencyInjection.IServiceCollection)
DA:28,0
DA:29,0
DA:30,0
DA:31,0
DA:32,0
DA:33,0
DA:34,0
DA:35,0
DA:36,0
DA:37,0
DA:38,0
DA:39,0
FN:42,System.Void GlobalBlue.Api.Startup::Configure(Microsoft.AspNetCore.Builder.IApplicationBuilder,Microsoft.AspNetCore.Hosting.IWebHostEnvironment)
FNDA:0,System.Void GlobalBlue.Api.Startup::Configure(Microsoft.AspNetCore.Builder.IApplicationBuilder,Microsoft.AspNetCore.Hosting.IWebHostEnvironment)
DA:43,0
DA:44,0
DA:45,0
DA:46,0
DA:47,0
DA:49,0
DA:51,0
DA:53,0
DA:55,0
DA:56,0
DA:57,0
DA:58,0
DA:59,0
DA:60,0
DA:61,0
DA:62,0
DA:63,0
DA:64,0
DA:65,0
BRDA:44,9,0,0
BRDA:44,9,1,0
FN:18,System.Void GlobalBlue.Api.Startup::.ctor(Microsoft.Extensions.Configuration.IConfiguration)
FNDA:0,System.Void GlobalBlue.Api.Startup::.ctor(Microsoft.Extensions.Configuration.IConfiguration)
DA:19,0
DA:20,0
DA:21,0
DA:22,0
LF:36
LH:0
BRF:2
BRH:0
FNF:4
FNH:0
end_of_record
SF:C:\Users\rodrigo.diniz\source\repos\GlobalBlue\GlobalBlue.Api\WeatherForecast.cs
FN:6,System.DateTime GlobalBlue.Api.WeatherForecast::get_Date()
FNDA:0,System.DateTime GlobalBlue.Api.WeatherForecast::get_Date()
DA:7,0
FN:8,System.Int32 GlobalBlue.Api.WeatherForecast::get_TemperatureC()
FNDA:0,System.Int32 GlobalBlue.Api.WeatherForecast::get_TemperatureC()
DA:9,0
FN:10,System.Int32 GlobalBlue.Api.WeatherForecast::get_TemperatureF()
FNDA:0,System.Int32 GlobalBlue.Api.WeatherForecast::get_TemperatureF()
DA:11,0
FN:12,System.String GlobalBlue.Api.WeatherForecast::get_Summary()
FNDA:0,System.String GlobalBlue.Api.WeatherForecast::get_Summary()
DA:13,0
LF:4
LH:0
BRF:0
BRH:0
FNF:4
FNH:0
end_of_record
SF:C:\Users\rodrigo.diniz\source\repos\GlobalBlue\GlobalBlue.Api\Validators\CustomerValidator.cs
FN:7,System.Void GlobalBlue.Api.Validators.CustomerValidator::.ctor()
FNDA:3,System.Void GlobalBlue.Api.Validators.CustomerValidator::.ctor()
DA:8,3
DA:9,3
DA:10,3
DA:11,3
DA:12,3
DA:13,3
DA:14,3
LF:7
LH:7
BRF:0
BRH:0
FNF:1
FNH:1
end_of_record
SF:C:\Users\rodrigo.diniz\source\repos\GlobalBlue\GlobalBlue.Api\Validators\ValidationFilter.cs
FN:8,System.Void GlobalBlue.Api.Validators.ValidationFilter::OnActionExecuted(Microsoft.AspNetCore.Mvc.Filters.ActionExecutedContext)
FNDA:0,System.Void GlobalBlue.Api.Validators.ValidationFilter::OnActionExecuted(Microsoft.AspNetCore.Mvc.Filters.ActionExecutedContext)
DA:9,0
DA:11,0
FN:13,System.Void GlobalBlue.Api.Validators.ValidationFilter::OnActionExecuting(Microsoft.AspNetCore.Mvc.Filters.ActionExecutingContext)
FNDA:0,System.Void GlobalBlue.Api.Validators.ValidationFilter::OnActionExecuting(Microsoft.AspNetCore.Mvc.Filters.ActionExecutingContext)
DA:14,0
DA:15,0
DA:16,0
DA:17,0
DA:18,0
DA:19,0
BRDA:15,17,0,0
BRDA:15,17,1,0
LF:8
LH:0
BRF:2
BRH:0
FNF:2
FNH:0
end_of_record
SF:C:\Users\rodrigo.diniz\source\repos\GlobalBlue\GlobalBlue.Api\Controllers\CustomerController.cs
FN:14,GlobalBlue.Infrastructure.Services.IBaseService`1<GlobalBlue.Dtos.CustomerDto> GlobalBlue.Api.Controllers.CustomerController::get__service()
FNDA:10,GlobalBlue.Infrastructure.Services.IBaseService`1<GlobalBlue.Dtos.CustomerDto> GlobalBlue.Api.Controllers.CustomerController::get__service()
DA:15,10
FN:24,Microsoft.AspNetCore.Mvc.ActionResult`1<System.Collections.Generic.IEnumerable`1<GlobalBlue.Dtos.CustomerDto>> GlobalBlue.Api.Controllers.CustomerController::List()
FNDA:1,Microsoft.AspNetCore.Mvc.ActionResult`1<System.Collections.Generic.IEnumerable`1<GlobalBlue.Dtos.CustomerDto>> GlobalBlue.Api.Controllers.CustomerController::List()
DA:25,1
DA:26,1
DA:27,1
DA:28,1
FN:32,Microsoft.AspNetCore.Mvc.ActionResult`1<GlobalBlue.Dtos.CustomerDto> GlobalBlue.Api.Controllers.CustomerController::Get(System.Int32)
FNDA:1,Microsoft.AspNetCore.Mvc.ActionResult`1<GlobalBlue.Dtos.CustomerDto> GlobalBlue.Api.Controllers.CustomerController::Get(System.Int32)
DA:33,1
DA:34,1
DA:36,1
DA:37,1
BRDA:36,15,0,1
BRDA:36,15,1,0
FN:16,System.Void GlobalBlue.Api.Controllers.CustomerController::.ctor(GlobalBlue.Infrastructure.Services.IBaseService`1<GlobalBlue.Dtos.CustomerDto>)
FNDA:5,System.Void GlobalBlue.Api.Controllers.CustomerController::.ctor(GlobalBlue.Infrastructure.Services.IBaseService`1<GlobalBlue.Dtos.CustomerDto>)
DA:17,5
DA:18,5
DA:19,5
DA:20,5
FN:90,System.Void GlobalBlue.Api.Controllers.CustomerController/<Delete>d__9::MoveNext()
FNDA:0,System.Void GlobalBlue.Api.Controllers.CustomerController/<Delete>d__9::MoveNext()
DA:91,0
DA:93,0
DA:94,0
DA:95,0
DA:96,0
DA:97,0
DA:98,0
DA:101,0
DA:102,0
FN:69,System.Void GlobalBlue.Api.Controllers.CustomerController/<Post>d__8::MoveNext()
FNDA:2,System.Void GlobalBlue.Api.Controllers.CustomerController/<Post>d__8::MoveNext()
DA:70,2
DA:72,2
DA:73,2
DA:74,2
DA:75,2
DA:76,1
DA:77,1
DA:80,1
DA:81,1
DA:83,0
DA:84,0
DA:85,0
DA:87,2
BRDA:75,206,0,1
BRDA:75,206,1,1
FN:41,System.Void GlobalBlue.Api.Controllers.CustomerController/<Put>d__7::MoveNext()
FNDA:1,System.Void GlobalBlue.Api.Controllers.CustomerController/<Put>d__7::MoveNext()
DA:42,1
DA:44,1
DA:45,1
DA:46,1
DA:47,1
DA:48,0
DA:49,0
DA:51,1
DA:53,1
DA:54,0
DA:55,0
DA:57,1
DA:58,1
DA:59,0
DA:60,0
DA:61,0
DA:64,1
DA:65,1
BRDA:47,206,0,0
BRDA:47,206,1,1
BRDA:53,283,0,0
BRDA:53,283,1,1
LF:53
LH:34
BRF:8
BRH:5
FNF:7
FNH:6
end_of_record
SF:C:\Users\rodrigo.diniz\source\repos\GlobalBlue\GlobalBlue.Dtos\CustomerDto.cs
FN:4,System.Int32 GlobalBlue.Dtos.CustomerDto::get_Id()
FNDA:9,System.Int32 GlobalBlue.Dtos.CustomerDto::get_Id()
DA:5,9
FN:5,System.String GlobalBlue.Dtos.CustomerDto::get_FirstName()
FNDA:10,System.String GlobalBlue.Dtos.CustomerDto::get_FirstName()
DA:6,10
FN:6,System.String GlobalBlue.Dtos.CustomerDto::get_SurName()
FNDA:10,System.String GlobalBlue.Dtos.CustomerDto::get_SurName()
DA:7,10
FN:7,System.String GlobalBlue.Dtos.CustomerDto::get_Email()
FNDA:13,System.String GlobalBlue.Dtos.CustomerDto::get_Email()
DA:8,13
FN:8,System.String GlobalBlue.Dtos.CustomerDto::get_Password()
FNDA:7,System.String GlobalBlue.Dtos.CustomerDto::get_Password()
DA:9,7
LF:5
LH:5
BRF:0
BRH:0
FNF:5
FNH:5
end_of_record
SF:C:\Users\rodrigo.diniz\source\repos\GlobalBlue\GlobalBlue.Infrastructure\Services\CustomerService.cs
FN:32,GlobalBlue.Dtos.CustomerDto GlobalBlue.Infrastructure.Services.CustomerService::Get(System.Int32)
FNDA:0,GlobalBlue.Dtos.CustomerDto GlobalBlue.Infrastructure.Services.CustomerService::Get(System.Int32)
DA:33,0
DA:34,0
DA:35,0
FN:37,System.Collections.Generic.List`1<GlobalBlue.Dtos.CustomerDto> GlobalBlue.Infrastructure.Services.CustomerService::GetAll()
FNDA:0,System.Collections.Generic.List`1<GlobalBlue.Dtos.CustomerDto> GlobalBlue.Infrastructure.Services.CustomerService::GetAll()
DA:38,0
DA:39,0
DA:40,0
FN:14,System.Void GlobalBlue.Infrastructure.Services.CustomerService::.ctor(GlobalBlue.Infrastructure.Repository.ICustomerRepository,AutoMapper.IMapper)
FNDA:0,System.Void GlobalBlue.Infrastructure.Services.CustomerService::.ctor(GlobalBlue.Infrastructure.Repository.ICustomerRepository,AutoMapper.IMapper)
DA:15,0
DA:16,0
DA:17,0
DA:18,0
DA:19,0
FN:21,System.Void GlobalBlue.Infrastructure.Services.CustomerService/<Create>d__3::MoveNext()
FNDA:0,System.Void GlobalBlue.Infrastructure.Services.CustomerService/<Create>d__3::MoveNext()
DA:22,0
DA:23,0
DA:24,0
DA:25,0
FN:27,System.Void GlobalBlue.Infrastructure.Services.CustomerService/<Delete>d__4::MoveNext()
FNDA:0,System.Void GlobalBlue.Infrastructure.Services.CustomerService/<Delete>d__4::MoveNext()
DA:28,0
DA:29,0
DA:30,0
FN:42,System.Void GlobalBlue.Infrastructure.Services.CustomerService/<Update>d__7::MoveNext()
FNDA:0,System.Void GlobalBlue.Infrastructure.Services.CustomerService/<Update>d__7::MoveNext()
DA:43,0
DA:44,0
DA:45,0
LF:21
LH:0
BRF:0
BRH:0
FNF:6
FNH:0
end_of_record
SF:C:\Users\rodrigo.diniz\source\repos\GlobalBlue\GlobalBlue.Infrastructure\Repository\BaseRepository.cs
FN:37,T GlobalBlue.Infrastructure.Repository.BaseRepository`1::Get(System.Int32)
FNDA:0,T GlobalBlue.Infrastructure.Repository.BaseRepository`1::Get(System.Int32)
DA:38,0
DA:39,0
DA:40,0
DA:41,0
DA:42,0
DA:44,0
DA:45,0
DA:46,0
BRDA:40,44,0,0
BRDA:40,44,1,0
FN:48,System.Linq.IQueryable`1<T> GlobalBlue.Infrastructure.Repository.BaseRepository`1::Query()
FNDA:0,System.Linq.IQueryable`1<T> GlobalBlue.Infrastructure.Repository.BaseRepository`1::Query()
DA:49,0
DA:50,0
DA:51,0
FN:11,System.Void GlobalBlue.Infrastructure.Repository.BaseRepository`1::.ctor(GlobalBlue.Infrastructure.Persistence.DataContext)
FNDA:0,System.Void GlobalBlue.Infrastructure.Repository.BaseRepository`1::.ctor(GlobalBlue.Infrastructure.Persistence.DataContext)
DA:12,0
DA:13,0
DA:14,0
DA:15,0
FN:17,System.Void GlobalBlue.Infrastructure.Repository.BaseRepository`1/<Create>d__2::MoveNext()
FNDA:0,System.Void GlobalBlue.Infrastructure.Repository.BaseRepository`1/<Create>d__2::MoveNext()
DA:18,0
DA:19,0
DA:20,0
DA:21,0
DA:22,0
FN:24,System.Void GlobalBlue.Infrastructure.Repository.BaseRepository`1/<Delete>d__3::MoveNext()
FNDA:0,System.Void GlobalBlue.Infrastructure.Repository.BaseRepository`1/<Delete>d__3::MoveNext()
DA:25,0
DA:26,0
DA:27,0
DA:28,0
DA:29,0
FN:31,System.Void GlobalBlue.Infrastructure.Repository.BaseRepository`1/<Delete>d__4::MoveNext()
FNDA:0,System.Void GlobalBlue.Infrastructure.Repository.BaseRepository`1/<Delete>d__4::MoveNext()
DA:32,0
DA:33,0
DA:34,0
DA:35,0
FN:53,System.Void GlobalBlue.Infrastructure.Repository.BaseRepository`1/<Update>d__7::MoveNext()
FNDA:0,System.Void GlobalBlue.Infrastructure.Repository.BaseRepository`1/<Update>d__7::MoveNext()
DA:54,0
DA:55,0
DA:56,0
DA:57,0
LF:33
LH:0
BRF:2
BRH:0
FNF:7
FNH:0
end_of_record
SF:C:\Users\rodrigo.diniz\source\repos\GlobalBlue\GlobalBlue.Infrastructure\Repository\CustomerRepository.cs
FN:13,System.Collections.Generic.List`1<GlobalBlue.Infrastructure.Persistence.Customer> GlobalBlue.Infrastructure.Repository.CustomerRepository::GetCustomers()
FNDA:0,System.Collections.Generic.List`1<GlobalBlue.Infrastructure.Persistence.Customer> GlobalBlue.Infrastructure.Repository.CustomerRepository::GetCustomers()
DA:14,0
DA:15,0
DA:16,0
FN:8,System.Void GlobalBlue.Infrastructure.Repository.CustomerRepository::.ctor(GlobalBlue.Infrastructure.Persistence.DataContext)
FNDA:0,System.Void GlobalBlue.Infrastructure.Repository.CustomerRepository::.ctor(GlobalBlue.Infrastructure.Persistence.DataContext)
DA:9,0
DA:10,0
DA:11,0
LF:6
LH:0
BRF:0
BRH:0
FNF:2
FNH:0
end_of_record
SF:C:\Users\rodrigo.diniz\source\repos\GlobalBlue\GlobalBlue.Infrastructure\Profiles\CustomerProfile.cs
FN:8,System.Void GlobalBlue.Infrastructure.Profiles.CustomerProfile::.ctor()
FNDA:0,System.Void GlobalBlue.Infrastructure.Profiles.CustomerProfile::.ctor()
DA:9,0
DA:10,0
DA:11,0
DA:12,0
LF:4
LH:0
BRF:0
BRH:0
FNF:1
FNH:0
end_of_record
SF:C:\Users\rodrigo.diniz\source\repos\GlobalBlue\GlobalBlue.Infrastructure\Persistence\Customer.cs
FN:4,System.Int32 GlobalBlue.Infrastructure.Persistence.Customer::get_Id()
FNDA:0,System.Int32 GlobalBlue.Infrastructure.Persistence.Customer::get_Id()
DA:5,0
FN:5,System.String GlobalBlue.Infrastructure.Persistence.Customer::get_FirstName()
FNDA:0,System.String GlobalBlue.Infrastructure.Persistence.Customer::get_FirstName()
DA:6,0
FN:6,System.String GlobalBlue.Infrastructure.Persistence.Customer::get_SurName()
FNDA:0,System.String GlobalBlue.Infrastructure.Persistence.Customer::get_SurName()
DA:7,0
FN:7,System.String GlobalBlue.Infrastructure.Persistence.Customer::get_Email()
FNDA:0,System.String GlobalBlue.Infrastructure.Persistence.Customer::get_Email()
DA:8,0
FN:8,System.String GlobalBlue.Infrastructure.Persistence.Customer::get_Password()
FNDA:0,System.String GlobalBlue.Infrastructure.Persistence.Customer::get_Password()
DA:9,0
LF:5
LH:0
BRF:0
BRH:0
FNF:5
FNH:0
end_of_record
SF:C:\Users\rodrigo.diniz\source\repos\GlobalBlue\GlobalBlue.Infrastructure\Persistence\DataContext.cs
FN:6,Microsoft.EntityFrameworkCore.DbSet`1<GlobalBlue.Infrastructure.Persistence.Customer> GlobalBlue.Infrastructure.Persistence.DataContext::get_Customers()
FNDA:0,Microsoft.EntityFrameworkCore.DbSet`1<GlobalBlue.Infrastructure.Persistence.Customer> GlobalBlue.Infrastructure.Persistence.DataContext::get_Customers()
DA:7,0
FN:8,System.Void GlobalBlue.Infrastructure.Persistence.DataContext::.ctor()
FNDA:0,System.Void GlobalBlue.Infrastructure.Persistence.DataContext::.ctor()
DA:9,0
DA:10,0
DA:11,0
FN:12,System.Void GlobalBlue.Infrastructure.Persistence.DataContext::.ctor(Microsoft.EntityFrameworkCore.DbContextOptions)
FNDA:0,System.Void GlobalBlue.Infrastructure.Persistence.DataContext::.ctor(Microsoft.EntityFrameworkCore.DbContextOptions)
DA:13,0
DA:14,0
DA:15,0
LF:7
LH:0
BRF:0
BRH:0
FNF:3
FNH:0
end_of_record